Oct 18 19:40:03 Updated: nspr-4.19.0-1.el7_5.x86_64
Oct 18 19:40:04 Updated: libgcc-4.8.5-28.el7_5.1.x86_64
Oct 18 19:40:04 Updated: systemd-libs-219-57.el7_5.3.x86_64
Oct 18 19:40:04 Updated: nss-util-3.36.0-1.el7_5.x86_64
Oct 18 19:40:04 Updated: libuuid-2.23.2-52.el7_5.1.x86_64
Oct 18 19:40:04 Updated: audit-libs-2.8.1-3.el7_5.1.x86_64
Oct 18 19:40:04 Updated: libcom_err-1.42.9-12.el7_5.x86_64
Oct 18 19:40:04 Updated: libblkid-2.23.2-52.el7_5.1.x86_64
Oct 18 19:40:04 Updated: centos-release-7-5.1804.5.el7.centos.x86_64
Oct 18 19:40:05 Updated: libmount-2.23.2-52.el7_5.1.x86_64
Oct 18 19:40:07 Updated: systemd-219-57.el7_5.3.x86_64
Oct 18 19:40:08 Updated: util-linux-2.23.2-52.el7_5.1.x86_64
Oct 18 19:40:08 Updated: krb5-libs-1.15.1-19.el7.x86_64
Oct 18 19:40:08 Updated: procps-ng-3.3.10-17.el7_5.2.x86_64
Oct 18 19:40:09 Updated: initscripts-9.49.41-1.el7_5.2.x86_64
Oct 18 19:40:12 Updated: python-libs-2.7.5-69.el7_5.x86_64
Oct 18 19:40:12 Updated: python-2.7.5-69.el7_5.x86_64
Oct 18 19:40:13 Updated: python-firewall-0.4.4.4-15.el7_5.noarch
Oct 18 19:40:13 Updated: systemd-sysv-219-57.el7_5.3.x86_64
Oct 18 19:40:13 Updated: python-perf-3.10.0-862.14.4.el7.x86_64
Oct 18 19:40:13 Updated: libss-1.42.9-12.el7_5.x86_64
Oct 18 19:40:13 Updated: e2fsprogs-libs-1.42.9-12.el7_5.x86_64
Oct 18 19:40:13 Updated: nss-softokn-freebl-3.36.0-5.el7_5.x86_64
Oct 18 19:40:13 Updated: nss-softokn-3.36.0-5.el7_5.x86_64
Oct 18 19:40:13 Updated: nss-3.36.0-7.el7_5.x86_64
Oct 18 19:40:13 Updated: nss-sysinit-3.36.0-7.el7_5.x86_64
Oct 18 19:40:14 Updated: 1:NetworkManager-libnm-1.10.2-16.el7_5.x86_64
Oct 18 19:40:14 Updated: 1:NetworkManager-1.10.2-16.el7_5.x86_64
Oct 18 19:40:14 Updated: nss-tools-3.36.0-7.el7_5.x86_64
Oct 18 19:40:14 Updated: openldap-2.4.44-15.el7_5.x86_64
Oct 18 19:40:14 Updated: 12:dhcp-libs-4.2.5-68.el7.centos.1.x86_64
Oct 18 19:40:14 Updated: 12:dhcp-common-4.2.5-68.el7.centos.1.x86_64
Oct 18 19:40:15 Updated: libstdc++-4.8.5-28.el7_5.1.x86_64
Oct 18 19:40:25 Updated: selinux-policy-3.13.1-192.el7_5.6.noarch
Oct 18 19:40:26 Updated: kernel-tools-libs-3.10.0-862.14.4.el7.x86_64
Oct 18 19:40:26 Updated: firewalld-filesystem-0.4.4.4-15.el7_5.noarch
Oct 18 19:40:26 Updated: kpartx-0.4.9-119.el7_5.1.x86_64
Oct 18 19:40:26 Updated: dracut-033-535.el7_5.1.x86_64
Oct 18 19:40:27 Updated: iptables-1.4.21-24.1.el7_5.x86_64
Oct 18 19:40:27 Updated: 32:bind-license-9.9.4-61.el7_5.1.noarch
Oct 18 19:40:27 Updated: 32:bind-libs-lite-9.9.4-61.el7_5.1.x86_64
Oct 18 19:40:27 Updated: 12:dhclient-4.2.5-68.el7.centos.1.x86_64
Oct 18 19:40:27 Updated: dracut-network-033-535.el7_5.1.x86_64
Oct 18 19:40:38 Updated: linux-firmware-20180220-62.2.git6d51311.el7_5.noarch
Oct 18 19:40:44 Installed: kernel-3.10.0-862.14.4.el7.x86_64
Oct 18 19:40:44 Updated: kexec-tools-2.0.15-13.el7_5.2.x86_64
Oct 18 19:40:44 Updated: firewalld-0.4.4.4-15.el7_5.noarch
Oct 18 19:40:44 Updated: dracut-config-rescue-033-535.el7_5.1.x86_64
Oct 18 19:40:45 Updated: kernel-tools-3.10.0-862.14.4.el7.x86_64
Oct 18 19:41:00 Updated: selinux-policy-targeted-3.13.1-192.el7_5.6.noarch
Oct 18 19:41:00 Updated: 1:mariadb-libs-5.5.60-1.el7_5.x86_64
Oct 18 19:41:00 Updated: sudo-1.8.19p2-14.el7_5.x86_64
Oct 18 19:41:01 Updated: gnupg2-2.0.22-5.el7_5.x86_64
Oct 18 19:41:01 Updated: 1:NetworkManager-tui-1.10.2-16.el7_5.x86_64
Oct 18 19:41:01 Updated: 1:NetworkManager-team-1.10.2-16.el7_5.x86_64
Oct 18 19:41:01 Updated: 1:NetworkManager-wifi-1.10.2-16.el7_5.x86_64
Oct 18 19:41:01 Updated: e2fsprogs-1.42.9-12.el7_5.x86_64
Oct 18 19:41:01 Updated: tuned-2.9.0-1.el7_5.2.noarch
Oct 18 19:41:01 Updated: audit-2.8.1-3.el7_5.1.x86_64
Oct 18 19:41:01 Updated: rsyslog-8.24.0-16.el7_5.4.x86_64
Oct 18 19:41:04 Updated: 2:microcode_ctl-2.1-29.16.el7_5.x86_64
Oct 18 19:41:04 Updated: iwl6000g2a-firmware-17.168.5.3-62.2.el7_5.noarch
Oct 18 19:41:04 Updated: iwl5000-firmware-8.83.5.1_1-62.2.el7_5.noarch
Oct 18 19:41:05 Updated: tzdata-2018e-3.el7.noarch
Oct 18 19:41:05 Updated: iwl135-firmware-18.168.6.1-62.2.el7_5.noarch
Oct 18 19:41:05 Updated: iwl6050-firmware-41.28.5.1-62.2.el7_5.noarch
Oct 18 19:41:06 Updated: iwl7260-firmware-22.0.7.0-62.2.el7_5.noarch
Oct 18 19:41:06 Updated: iwl2000-firmware-18.168.6.1-62.2.el7_5.noarch
Oct 18 19:41:06 Updated: iwl105-firmware-18.168.6.1-62.2.el7_5.noarch
Oct 18 19:41:07 Updated: binutils-2.27-28.base.el7_5.1.x86_64
Oct 18 19:41:07 Updated: iwl3945-firmware-15.32.2.9-62.2.el7_5.noarch
Oct 18 19:41:07 Updated: iwl6000g2b-firmware-17.168.5.2-62.2.el7_5.noarch
Oct 18 19:41:07 Updated: iwl3160-firmware-22.0.7.0-62.2.el7_5.noarch
Oct 18 19:41:07 Updated: iwl5150-firmware-8.24.2.2-62.2.el7_5.noarch
Oct 18 19:41:08 Updated: iwl100-firmware-39.31.5.1-62.2.el7_5.noarch
Oct 18 19:41:08 Updated: 1:iwl1000-firmware-39.31.5.1-62.2.el7_5.noarch
Oct 18 19:41:08 Updated: ca-certificates-2018.2.22-70.0.el7_5.noarch
Oct 18 19:41:08 Updated: iwl4965-firmware-228.61.2.24-62.2.el7_5.noarch
Oct 18 19:41:08 Updated: iwl6000-firmware-9.221.4.1-62.2.el7_5.noarch
Oct 18 19:41:08 Updated: yum-plugin-fastestmirror-1.1.31-46.el7_5.noarch
Oct 18 19:41:09 Updated: iwl2030-firmware-18.168.6.1-62.2.el7_5.noarch
Oct 18 19:41:09 Updated: libgomp-4.8.5-28.el7_5.1.x86_64
Oct 18 19:41:11 Updated: iwl7265-firmware-22.0.7.0-62.2.el7_5.noarch
Oct 18 19:42:46 Installed: wget-1.14-15.el7_4.1.x86_64
Oct 18 19:47:39 Installed: mpfr-3.1.1-4.el7.x86_64
Oct 18 19:47:39 Installed: libmpc-1.0.1-3.el7.x86_64
Oct 18 19:47:39 Installed: libquadmath-4.8.5-28.el7_5.1.x86_64
Oct 18 19:47:39 Installed: m4-1.4.16-10.el7.x86_64
Oct 18 19:47:39 Installed: apr-1.4.8-3.el7_4.1.x86_64
Oct 18 19:47:40 Installed: apr-util-1.5.2-6.el7.x86_64
Oct 18 19:47:40 Installed: zip-3.0-11.el7.x86_64
Oct 18 19:47:40 Installed: patch-2.7.1-10.el7_5.x86_64
Oct 18 19:47:40 Installed: avahi-libs-0.6.31-19.el7.x86_64
Oct 18 19:47:40 Installed: boost-system-1.53.0-27.el7.x86_64
Oct 18 19:47:40 Installed: unzip-6.0-19.el7.x86_64
Oct 18 19:47:40 Installed: boost-thread-1.53.0-27.el7.x86_64
Oct 18 19:47:40 Installed: libgfortran-4.8.5-28.el7_5.1.x86_64
Oct 18 19:47:41 Installed: cpp-4.8.5-28.el7_5.1.x86_64
Oct 18 19:47:41 Installed: 1:perl-parent-0.225-244.el7.noarch
Oct 18 19:47:41 Installed: perl-HTTP-Tiny-0.033-3.el7.noarch
Oct 18 19:47:41 Installed: perl-podlators-2.5.1-3.el7.noarch
Oct 18 19:47:41 Installed: perl-Pod-Perldoc-3.20-4.el7.noarch
Oct 18 19:47:41 Installed: 1:perl-Pod-Escapes-1.04-292.el7.noarch
Oct 18 19:47:41 Installed: perl-Text-ParseWords-3.29-4.el7.noarch
Oct 18 19:47:41 Installed: perl-Encode-2.51-7.el7.x86_64
Oct 18 19:47:41 Installed: perl-Pod-Usage-1.63-3.el7.noarch
Oct 18 19:47:41 Installed: 4:perl-libs-5.16.3-292.el7.x86_64
Oct 18 19:47:41 Installed: 4:perl-macros-5.16.3-292.el7.x86_64
Oct 18 19:47:41 Installed: perl-Socket-2.010-4.el7.x86_64
Oct 18 19:47:41 Installed: 4:perl-Time-HiRes-1.9725-3.el7.x86_64
Oct 18 19:47:41 Installed: perl-threads-1.87-4.el7.x86_64
Oct 18 19:47:41 Installed: perl-Scalar-List-Utils-1.27-248.el7.x86_64
Oct 18 19:47:41 Installed: perl-threads-shared-1.43-6.el7.x86_64
Oct 18 19:47:41 Installed: perl-Storable-2.45-3.el7.x86_64
Oct 18 19:47:41 Installed: perl-Carp-1.26-244.el7.noarch
Oct 18 19:47:41 Installed: perl-Filter-1.49-3.el7.x86_64
Oct 18 19:47:41 Installed: perl-Exporter-5.68-3.el7.noarch
Oct 18 19:47:41 Installed: perl-constant-1.27-2.el7.noarch
Oct 18 19:47:41 Installed: perl-File-Temp-0.23.01-3.el7.noarch
Oct 18 19:47:42 Installed: perl-File-Path-2.09-2.el7.noarch
Oct 18 19:47:42 Installed: perl-PathTools-3.40-5.el7.x86_64
Oct 18 19:47:42 Installed: perl-Time-Local-1.2300-2.el7.noarch
Oct 18 19:47:42 Installed: 1:perl-Pod-Simple-3.28-4.el7.noarch
Oct 18 19:47:42 Installed: perl-Getopt-Long-2.40-3.el7.noarch
Oct 18 19:47:44 Installed: 4:perl-5.16.3-292.el7.x86_64
Oct 18 19:47:44 Installed: perl-Thread-Queue-3.02-2.el7.noarch
Oct 18 19:47:44 Installed: 1:perl-Error-0.17020-2.el7.noarch
Oct 18 19:47:44 Installed: perl-TermReadKey-2.30-20.el7.x86_64
Oct 18 19:47:44 Installed: perl-Data-Dumper-2.145-3.el7.x86_64
Oct 18 19:47:44 Installed: autoconf-2.69-11.el7.noarch
Oct 18 19:47:44 Installed: perl-XML-Parser-2.41-10.el7.x86_64
Oct 18 19:47:44 Installed: perl-Test-Harness-3.28-3.el7.noarch
Oct 18 19:47:44 Installed: automake-1.13.4-3.el7.noarch
Oct 18 19:48:05 Installed: kernel-debug-devel-3.10.0-862.14.4.el7.x86_64
Oct 18 19:48:05 Installed: bzip2-1.0.6-13.el7.x86_64
Oct 18 19:48:06 Installed: libstdc++-devel-4.8.5-28.el7_5.1.x86_64
Oct 18 19:48:06 Installed: pakchois-0.4-10.el7.x86_64
Oct 18 19:48:06 Installed: dwz-0.11-3.el7.x86_64
Oct 18 19:48:06 Installed: efivar-libs-31-4.el7.x86_64
Oct 18 19:48:06 Installed: mokutil-12-2.el7.x86_64
Oct 18 19:48:06 Installed: elfutils-0.170-4.el7.x86_64
Oct 18 19:48:06 Installed: perl-srpm-macros-1-8.el7.noarch
Oct 18 19:48:06 Installed: redhat-rpm-config-9.1.0-80.el7.centos.noarch
Oct 18 19:48:06 Installed: rsync-3.1.2-4.el7.x86_64
Oct 18 19:48:06 Installed: libmodman-2.0.1-8.el7.x86_64
Oct 18 19:48:06 Installed: libproxy-0.4.11-11.el7.x86_64
Oct 18 19:48:07 Installed: trousers-0.3.14-2.el7.x86_64
Oct 18 19:48:07 Installed: gdb-7.6.1-110.el7.x86_64
Oct 18 19:48:07 Installed: 1:emacs-filesystem-24.3-20.el7_4.noarch
Oct 18 19:48:09 Installed: kernel-headers-3.10.0-862.14.4.el7.x86_64
Oct 18 19:48:09 Installed: glibc-headers-2.17-222.el7.x86_64
Oct 18 19:48:09 Installed: glibc-devel-2.17-222.el7.x86_64
Oct 18 19:48:11 Installed: gcc-4.8.5-28.el7_5.1.x86_64
Oct 18 19:48:11 Installed: libquadmath-devel-4.8.5-28.el7_5.1.x86_64
Oct 18 19:48:12 Installed: systemtap-devel-3.2-8.el7_5.x86_64
Oct 18 19:48:12 Installed: boost-date-time-1.53.0-27.el7.x86_64
Oct 18 19:48:12 Installed: gettext-common-devel-0.19.8.1-2.el7.noarch
Oct 18 19:48:12 Installed: nettle-2.7.1-8.el7.x86_64
Oct 18 19:48:12 Installed: gnutls-3.3.26-9.el7.x86_64
Oct 18 19:48:12 Installed: neon-0.30.0-3.el7.x86_64
Oct 18 19:48:13 Installed: subversion-libs-1.7.14-14.el7.x86_64
Oct 18 19:48:13 Installed: libdwarf-20130207-4.el7.x86_64
Oct 18 19:48:13 Installed: dyninst-9.3.1-1.el7.x86_64
Oct 18 19:48:13 Installed: systemtap-runtime-3.2-8.el7_5.x86_64
Oct 18 19:48:15 Installed: systemtap-client-3.2-8.el7_5.x86_64
Oct 18 19:48:15 Installed: libgnome-keyring-3.12.0-1.el7.x86_64
Oct 18 19:48:15 Installed: perl-Git-1.8.3.1-14.el7_5.noarch
Oct 18 19:48:16 Installed: git-1.8.3.1-14.el7_5.x86_64
Oct 18 19:48:17 Installed: gettext-devel-0.19.8.1-2.el7.x86_64
Oct 18 19:48:17 Installed: intltool-0.50.2-7.el7.noarch
Oct 18 19:48:17 Installed: systemtap-3.2-8.el7_5.x86_64
Oct 18 19:48:17 Installed: subversion-1.7.14-14.el7.x86_64
Oct 18 19:48:18 Installed: gcc-gfortran-4.8.5-28.el7_5.1.x86_64
Oct 18 19:48:19 Installed: gcc-c++-4.8.5-28.el7_5.1.x86_64
Oct 18 19:48:19 Installed: libtool-2.4.2-22.el7_3.x86_64
Oct 18 19:48:19 Installed: cscope-15.8-10.el7.x86_64
Oct 18 19:48:20 Installed: rpm-build-4.11.3-32.el7.x86_64
Oct 18 19:48:20 Installed: patchutils-0.3.3-4.el7.x86_64
Oct 18 19:48:20 Installed: bison-3.0.4-1.el7.x86_64
Oct 18 19:48:20 Installed: flex-2.5.37-3.el7.x86_64
Oct 18 19:48:20 Installed: indent-2.2.11-13.el7.x86_64
Oct 18 19:48:20 Installed: ctags-5.8-13.el7.x86_64
Oct 18 19:48:20 Installed: byacc-1.9.20130304-3.el7.x86_64
Oct 18 19:48:20 Installed: rcs-5.9.0-5.el7.x86_64
Oct 18 19:48:20 Installed: rpm-sign-4.11.3-32.el7.x86_64
Oct 18 19:48:20 Installed: diffstat-1.57-4.el7.x86_64
Oct 18 19:48:21 Installed: swig-2.0.10-5.el7.x86_64
Oct 18 19:48:22 Installed: 1:doxygen-1.8.5-3.el7.x86_64
Oct 18 19:53:13 Installed: zlib-devel-1.2.7-17.el7.x86_64
Oct 18 19:53:13 Installed: keyutils-libs-devel-1.5.8-3.el7.x86_64
Oct 18 19:53:13 Installed: libcom_err-devel-1.42.9-12.el7_5.x86_64
Oct 18 19:53:13 Installed: libkadm5-1.15.1-19.el7.x86_64
Oct 18 19:53:13 Installed: libsepol-devel-2.5-8.1.el7.x86_64
Oct 18 19:53:13 Installed: pcre-devel-8.32-17.el7.x86_64
Oct 18 19:53:13 Installed: libselinux-devel-2.5-12.el7.x86_64
Oct 18 19:53:13 Installed: libverto-devel-0.2.5-4.el7.x86_64
Oct 18 19:53:13 Installed: krb5-devel-1.15.1-19.el7.x86_64
Oct 18 19:53:14 Installed: 1:openssl-devel-1.0.2k-12.el7.x86_64
Oct 18 19:53:14 Installed: elfutils-libelf-devel-0.170-4.el7.x86_64
Oct 18 19:53:14 Installed: bc-1.06.95-13.el7.x86_64
Oct 18 19:53:15 Installed: ncurses-devel-5.9-14.20130511.el7_4.x86_64
